This is pdfTeX, Version 3.14159265-2.6-1.40.15 (TeX Live 2014) (preloaded format=pdflatex 2014.5.25)  17 NOV 2014 18:22
entering extended mode
 restricted \write18 enabled.
 %&-line parsing enabled.
**Introduction_to_TouchDesigner.tex -recorder
(./Introduction_to_TouchDesigner.tex
LaTeX2e <2014/05/01>
Babel <3.9k> and hyphenation patterns for 78 languages loaded.
(./tufte-book.cls
Document Class: tufte-book 2009/12/11 v3.5.0 Tufte-book class
(./tufte-common.def
File: tufte-common.def 2009/12/11 v3.5.0 Common code for the Tufte-LaTeX styles


(/usr/local/texlive/2014/texmf-dist/tex/latex/xkeyval/xkeyval.sty
Package: xkeyval 2014/05/09 v2.6d package option processing (HA)

(/usr/local/texlive/2014/texmf-dist/tex/generic/xkeyval/xkeyval.tex
\XKV@toks=\toks14
\XKV@tempa@toks=\toks15
\XKV@depth=\count79
File: xkeyval.tex 2014/05/09 v2.6d key=value parser (HA)

(/usr/local/texlive/2014/texmf-dist/tex/generic/xkeyval/keyval.tex)))
(/usr/local/texlive/2014/texmf-dist/tex/latex/xifthen/xifthen.sty
Package: xifthen 2009/04/17 v1.3 Extended ifthen features

(/usr/local/texlive/2014/texmf-dist/tex/latex/etex-pkg/etex.sty
Package: etex 1998/03/26 v2.0 eTeX basic definition package (PEB)
\et@xins=\count80
)
(/usr/local/texlive/2014/texmf-dist/tex/latex/tools/calc.sty
Package: calc 2007/08/22 v4.3 Infix arithmetic (KKT,FJ)
\calc@Acount=\count81
\calc@Bcount=\count82
\calc@Adimen=\dimen102
\calc@Bdimen=\dimen103
\calc@Askip=\skip41
\calc@Bskip=\skip42
LaTeX Info: Redefining \setlength on input line 75.
LaTeX Info: Redefining \addtolength on input line 76.
\calc@Ccount=\count83
\calc@Cskip=\skip43
)
(/usr/local/texlive/2014/texmf-dist/tex/latex/base/ifthen.sty
Package: ifthen 2001/05/26 v1.1c Standard LaTeX ifthen package (DPC)
)
(/usr/local/texlive/2014/texmf-dist/tex/latex/ifmtarg/ifmtarg.sty
Package: ifmtarg 2009/09/02 v1.2a check for an empty argument
))
Class tufte-book Info: Loading the base class `book'.

(/usr/local/texlive/2014/texmf-dist/tex/latex/base/book.cls
Document Class: book 2007/10/19 v1.4h Standard LaTeX document class
(/usr/local/texlive/2014/texmf-dist/tex/latex/base/bk10.clo
File: bk10.clo 2007/10/19 v1.4h Standard LaTeX file (size option)
)
\c@part=\count84
\c@chapter=\count85
\c@section=\count86
\c@subsection=\count87
\c@subsubsection=\count88
\c@paragraph=\count89
\c@subparagraph=\count90
\c@figure=\count91
\c@table=\count92
\abovecaptionskip=\skip44
\belowcaptionskip=\skip45
\bibindent=\dimen104
)
(/usr/local/texlive/2014/texmf-dist/tex/generic/oberdiek/ifpdf.sty
Package: ifpdf 2011/01/30 v2.3 Provides the ifpdf switch (HO)
Package ifpdf Info: pdfTeX in PDF mode is detected.
)
(/usr/local/texlive/2014/texmf-dist/tex/generic/ifxetex/ifxetex.sty
Package: ifxetex 2010/09/12 v0.6 Provides ifxetex conditional
)
(/usr/local/texlive/2014/texmf-dist/tex/latex/titlesec/titlesec.sty
Package: titlesec 2011/12/15 v2.10.0 Sectioning titles
\ttl@box=\box26
\beforetitleunit=\skip46
\aftertitleunit=\skip47
\ttl@plus=\dimen105
\ttl@minus=\dimen106
\ttl@toksa=\toks16
\titlewidth=\dimen107
\titlewidthlast=\dimen108
\titlewidthfirst=\dimen109
)
(/usr/local/texlive/2014/texmf-dist/tex/latex/titlesec/titletoc.sty
Package: titletoc 2011/12/15 v1.6 TOC entries
\ttl@leftsep=\dimen110
)
(/usr/local/texlive/2014/texmf-dist/tex/latex/hyperref/hyperref.sty
Package: hyperref 2012/11/06 v6.83m Hypertext links for LaTeX

(/usr/local/texlive/2014/texmf-dist/tex/generic/oberdiek/hobsub-hyperref.sty
Package: hobsub-hyperref 2012/05/28 v1.13 Bundle oberdiek, subset hyperref (HO)


(/usr/local/texlive/2014/texmf-dist/tex/generic/oberdiek/hobsub-generic.sty
Package: hobsub-generic 2012/05/28 v1.13 Bundle oberdiek, subset generic (HO)
Package: hobsub 2012/05/28 v1.13 Construct package bundles (HO)
Package: infwarerr 2010/04/08 v1.3 Providing info/warning/error messages (HO)
Package: ltxcmds 2011/11/09 v1.22 LaTeX kernel commands for general use (HO)
Package: ifluatex 2010/03/01 v1.3 Provides the ifluatex switch (HO)
Package ifluatex Info: LuaTeX not detected.
Package: ifvtex 2010/03/01 v1.5 Detect VTeX and its facilities (HO)
Package ifvtex Info: VTeX not detected.
Package: intcalc 2007/09/27 v1.1 Expandable calculations with integers (HO)
Package hobsub Info: Skipping package `ifpdf' (already loaded).
Package: etexcmds 2011/02/16 v1.5 Avoid name clashes with e-TeX commands (HO)
Package etexcmds Info: Could not find \expanded.
(etexcmds)             That can mean that you are not using pdfTeX 1.50 or
(etexcmds)             that some package has redefined \expanded.
(etexcmds)             In the latter case, load this package earlier.
Package: kvsetkeys 2012/04/25 v1.16 Key value parser (HO)
Package: kvdefinekeys 2011/04/07 v1.3 Define keys (HO)
Package: pdftexcmds 2011/11/29 v0.20 Utility functions of pdfTeX for LuaTeX (HO
)
Package pdftexcmds Info: LuaTeX not detected.
Package pdftexcmds Info: \pdf@primitive is available.
Package pdftexcmds Info: \pdf@ifprimitive is available.
Package pdftexcmds Info: \pdfdraftmode found.
Package: pdfescape 2011/11/25 v1.13 Implements pdfTeX's escape features (HO)
Package: bigintcalc 2012/04/08 v1.3 Expandable calculations on big integers (HO
)
Package: bitset 2011/01/30 v1.1 Handle bit-vector datatype (HO)
Package: uniquecounter 2011/01/30 v1.2 Provide unlimited unique counter (HO)
)
Package hobsub Info: Skipping package `hobsub' (already loaded).
Package: letltxmacro 2010/09/02 v1.4 Let assignment for LaTeX macros (HO)
Package: hopatch 2012/05/28 v1.2 Wrapper for package hooks (HO)
Package: xcolor-patch 2011/01/30 xcolor patch
Package: atveryend 2011/06/30 v1.8 Hooks at the very end of document (HO)
Package atveryend Info: \enddocument detected (standard20110627).
Package: atbegshi 2011/10/05 v1.16 At begin shipout hook (HO)
Package: refcount 2011/10/16 v3.4 Data extraction from label references (HO)
Package: hycolor 2011/01/30 v1.7 Color options for hyperref/bookmark (HO)
)
(/usr/local/texlive/2014/texmf-dist/tex/latex/oberdiek/auxhook.sty
Package: auxhook 2011/03/04 v1.3 Hooks for auxiliary files (HO)
)
(/usr/local/texlive/2014/texmf-dist/tex/latex/oberdiek/kvoptions.sty
Package: kvoptions 2011/06/30 v3.11 Key value format for package options (HO)
)
\@linkdim=\dimen111
\Hy@linkcounter=\count93
\Hy@pagecounter=\count94

(/usr/local/texlive/2014/texmf-dist/tex/latex/hyperref/pd1enc.def
File: pd1enc.def 2012/11/06 v6.83m Hyperref: PDFDocEncoding definition (HO)
)
\Hy@SavedSpaceFactor=\count95

(/usr/local/texlive/2014/texmf-dist/tex/latex/latexconfig/hyperref.cfg
File: hyperref.cfg 2002/06/06 v1.2 hyperref configuration of TeXLive
)
Package hyperref Info: Option `unicode' set `true' on input line 4319.

(/usr/local/texlive/2014/texmf-dist/tex/latex/hyperref/puenc.def
File: puenc.def 2012/11/06 v6.83m Hyperref: PDF Unicode definition (HO)
)
Package hyperref Info: Option `hyperfootnotes' set `false' on input line 4319.
Package hyperref Info: Hyper figures OFF on input line 4443.
Package hyperref Info: Link nesting OFF on input line 4448.
Package hyperref Info: Hyper index ON on input line 4451.
Package hyperref Info: Plain pages OFF on input line 4458.
Package hyperref Info: Backreferencing OFF on input line 4463.
Package hyperref Info: Implicit mode ON; LaTeX internals redefined.
Package hyperref Info: Bookmarks ON on input line 4688.
\c@Hy@tempcnt=\count96

(/usr/local/texlive/2014/texmf-dist/tex/latex/url/url.sty
\Urlmuskip=\muskip10
Package: url 2013/09/16  ver 3.4  Verb mode for urls, etc.
)
LaTeX Info: Redefining \url on input line 5041.
\XeTeXLinkMargin=\dimen112
\Fld@menulength=\count97
\Field@Width=\dimen113
\Fld@charsize=\dimen114
Package hyperref Info: Hyper figures OFF on input line 6295.
Package hyperref Info: Link nesting OFF on input line 6300.
Package hyperref Info: Hyper index ON on input line 6303.
Package hyperref Info: backreferencing OFF on input line 6310.
Package hyperref Info: Link coloring OFF on input line 6315.
Package hyperref Info: Link coloring with OCG OFF on input line 6320.
Package hyperref Info: PDF/A mode OFF on input line 6325.
LaTeX Info: Redefining \ref on input line 6365.
LaTeX Info: Redefining \pageref on input line 6369.
\Hy@abspage=\count98
\c@Item=\count99
)

Package hyperref Message: Driver (autodetected): hpdftex.

(/usr/local/texlive/2014/texmf-dist/tex/latex/hyperref/hpdftex.def
File: hpdftex.def 2012/11/06 v6.83m Hyperref driver for pdfTeX
\Fld@listcount=\count100
\c@bookmark@seq@number=\count101

(/usr/local/texlive/2014/texmf-dist/tex/latex/oberdiek/rerunfilecheck.sty
Package: rerunfilecheck 2011/04/15 v1.7 Rerun checks for auxiliary files (HO)
Package uniquecounter Info: New unique counter `rerunfilecheck' on input line 2
82.
)
\Hy@SectionHShift=\skip48
)

Package hyperref Warning: Option `pagecolor' is not available anymore.

(/usr/local/texlive/2014/texmf-dist/tex/latex/ms/ragged2e.sty
Package: ragged2e 2009/05/21 v2.1 ragged2e Package (MS)

(/usr/local/texlive/2014/texmf-dist/tex/latex/ms/everysel.sty
Package: everysel 2011/10/28 v1.2 EverySelectfont Package (MS)
)
\CenteringLeftskip=\skip49
\RaggedLeftLeftskip=\skip50
\RaggedRightLeftskip=\skip51
\CenteringRightskip=\skip52
\RaggedLeftRightskip=\skip53
\RaggedRightRightskip=\skip54
\CenteringParfillskip=\skip55
\RaggedLeftParfillskip=\skip56
\RaggedRightParfillskip=\skip57
\JustifyingParfillskip=\skip58
\CenteringParindent=\skip59
\RaggedLeftParindent=\skip60
\RaggedRightParindent=\skip61
\JustifyingParindent=\skip62
)
(/usr/local/texlive/2014/texmf-dist/tex/latex/geometry/geometry.sty
Package: geometry 2010/09/12 v5.6 Page Geometry
\Gm@cnth=\count102
\Gm@cntv=\count103
\c@Gm@tempcnt=\count104
\Gm@bindingoffset=\dimen115
\Gm@wd@mp=\dimen116
\Gm@odd@mp=\dimen117
\Gm@even@mp=\dimen118
\Gm@layoutwidth=\dimen119
\Gm@layoutheight=\dimen120
\Gm@layouthoffset=\dimen121
\Gm@layoutvoffset=\dimen122
\Gm@dimlist=\toks17
)
(/usr/local/texlive/2014/texmf-dist/tex/latex/changepage/changepage.sty
Package: changepage 2009/10/20 v1.0c check page and change page layout
\c@cp@cntr=\count105
\cp@tempcnt=\count106
)
\@tufte@overhang=\skip63
\@tufte@fullwidth=\skip64
\@tufte@caption@fill=\skip65

(/usr/local/texlive/2014/texmf-dist/tex/latex/paralist/paralist.sty
Package: paralist 2013/06/09 v2.4 Extended list environments
\pltopsep=\skip66
\plpartopsep=\skip67
\plitemsep=\skip68
\plparsep=\skip69
\pl@lab=\toks18
)
(/usr/local/texlive/2014/texmf-dist/tex/latex/textcase/textcase.sty
Package: textcase 2004/10/07 v0.07 Text only upper/lower case changing (DPC)
)
(/usr/local/texlive/2014/texmf-dist/tex/latex/microtype/letterspace.sty
Package: letterspace 2013/05/23 v2.5a Robust letterspacing (RS)
LaTeX Info: Redefining \lsstyle on input line 307.
LaTeX Info: Redefining \lslig on input line 308.
LaTeX Info: Redefining \textls on input line 333.
\MT@outer@kern=\dimen123
)
(/usr/local/texlive/2014/texmf-dist/tex/latex/setspace/setspace.sty
Package: setspace 2011/12/19 v6.7a set line spacing
)
(/usr/local/texlive/2014/texmf-dist/tex/latex/sauerj/optparams.sty
Package: optparams 2004/08/14 v0.9 multiple optional parameters in macros
)
\@tufte@sidenote@vertical@offset=\skip70

(/usr/local/texlive/2014/texmf-dist/tex/latex/placeins/placeins.sty
Package: placeins 2005/04/18  v 2.2
)
\@tufte@margin@floatbox=\box27
\@tufte@figure@box=\box28
\@tufte@caption@box=\box29
\@tufte@caption@vertical@offset=\skip71
\@tufte@float@contents@width=\skip72

(/usr/local/texlive/2014/texmf-dist/tex/latex/psnfss/mathpazo.sty
Package: mathpazo 2005/04/12 PSNFSS-v9.2a Palatino w/ Pazo Math (D.Puga, WaS) 
\symupright=\mathgroup4
)
(/usr/local/texlive/2014/texmf-dist/tex/latex/psnfss/helvet.sty
Package: helvet 2005/04/12 PSNFSS-v9.2a (WaS) 
)
(/usr/local/texlive/2014/texmf-dist/tex/latex/bera/beramono.sty
Package: beramono 2004/01/31 (WaS)
)
(/usr/local/texlive/2014/texmf-dist/tex/latex/base/fontenc.sty
Package: fontenc 2005/09/27 v1.99g Standard LaTeX package

(/usr/local/texlive/2014/texmf-dist/tex/latex/base/t1enc.def
File: t1enc.def 2005/09/27 v1.99g Standard LaTeX file
LaTeX Font Info:    Redeclaring font encoding T1 on input line 43.
))
(/usr/local/texlive/2014/texmf-dist/tex/latex/base/textcomp.sty
Package: textcomp 2005/09/27 v1.99g Standard LaTeX package
Package textcomp Info: Sub-encoding information:
(textcomp)               5 = only ISO-Adobe without \textcurrency
(textcomp)               4 = 5 + \texteuro
(textcomp)               3 = 4 + \textohm
(textcomp)               2 = 3 + \textestimated + \textcurrency
(textcomp)               1 = TS1 - \textcircled - \t
(textcomp)               0 = TS1 (full)
(textcomp)             Font families with sub-encoding setting implement
(textcomp)             only a restricted character set as indicated.
(textcomp)             Family '?' is the default used for unknown fonts.
(textcomp)             See the documentation for details.
Package textcomp Info: Setting ? sub-encoding to TS1/1 on input line 71.

(/usr/local/texlive/2014/texmf-dist/tex/latex/base/ts1enc.def
File: ts1enc.def 2001/06/05 v3.0e (jk/car/fm) Standard LaTeX file
)
LaTeX Info: Redefining \oldstylenums on input line 266.
Package textcomp Info: Setting cmr sub-encoding to TS1/0 on input line 281.
Package textcomp Info: Setting cmss sub-encoding to TS1/0 on input line 282.
Package textcomp Info: Setting cmtt sub-encoding to TS1/0 on input line 283.
Package textcomp Info: Setting cmvtt sub-encoding to TS1/0 on input line 284.
Package textcomp Info: Setting cmbr sub-encoding to TS1/0 on input line 285.
Package textcomp Info: Setting cmtl sub-encoding to TS1/0 on input line 286.
Package textcomp Info: Setting ccr sub-encoding to TS1/0 on input line 287.
Package textcomp Info: Setting ptm sub-encoding to TS1/4 on input line 288.
Package textcomp Info: Setting pcr sub-encoding to TS1/4 on input line 289.
Package textcomp Info: Setting phv sub-encoding to TS1/4 on input line 290.
Package textcomp Info: Setting ppl sub-encoding to TS1/3 on input line 291.
Package textcomp Info: Setting pag sub-encoding to TS1/4 on input line 292.
Package textcomp Info: Setting pbk sub-encoding to TS1/4 on input line 293.
Package textcomp Info: Setting pnc sub-encoding to TS1/4 on input line 294.
Package textcomp Info: Setting pzc sub-encoding to TS1/4 on input line 295.
Package textcomp Info: Setting bch sub-encoding to TS1/4 on input line 296.
Package textcomp Info: Setting put sub-encoding to TS1/5 on input line 297.
Package textcomp Info: Setting uag sub-encoding to TS1/5 on input line 298.
Package textcomp Info: Setting ugq sub-encoding to TS1/5 on input line 299.
Package textcomp Info: Setting ul8 sub-encoding to TS1/4 on input line 300.
Package textcomp Info: Setting ul9 sub-encoding to TS1/4 on input line 301.
Package textcomp Info: Setting augie sub-encoding to TS1/5 on input line 302.
Package textcomp Info: Setting dayrom sub-encoding to TS1/3 on input line 303.
Package textcomp Info: Setting dayroms sub-encoding to TS1/3 on input line 304.

Package textcomp Info: Setting pxr sub-encoding to TS1/0 on input line 305.
Package textcomp Info: Setting pxss sub-encoding to TS1/0 on input line 306.
Package textcomp Info: Setting pxtt sub-encoding to TS1/0 on input line 307.
Package textcomp Info: Setting txr sub-encoding to TS1/0 on input line 308.
Package textcomp Info: Setting txss sub-encoding to TS1/0 on input line 309.
Package textcomp Info: Setting txtt sub-encoding to TS1/0 on input line 310.
Package textcomp Info: Setting lmr sub-encoding to TS1/0 on input line 311.
Package textcomp Info: Setting lmdh sub-encoding to TS1/0 on input line 312.
Package textcomp Info: Setting lmss sub-encoding to TS1/0 on input line 313.
Package textcomp Info: Setting lmssq sub-encoding to TS1/0 on input line 314.
Package textcomp Info: Setting lmvtt sub-encoding to TS1/0 on input line 315.
Package textcomp Info: Setting qhv sub-encoding to TS1/0 on input line 316.
Package textcomp Info: Setting qag sub-encoding to TS1/0 on input line 317.
Package textcomp Info: Setting qbk sub-encoding to TS1/0 on input line 318.
Package textcomp Info: Setting qcr sub-encoding to TS1/0 on input line 319.
Package textcomp Info: Setting qcs sub-encoding to TS1/0 on input line 320.
Package textcomp Info: Setting qpl sub-encoding to TS1/0 on input line 321.
Package textcomp Info: Setting qtm sub-encoding to TS1/0 on input line 322.
Package textcomp Info: Setting qzc sub-encoding to TS1/0 on input line 323.
Package textcomp Info: Setting qhvc sub-encoding to TS1/0 on input line 324.
Package textcomp Info: Setting futs sub-encoding to TS1/4 on input line 325.
Package textcomp Info: Setting futx sub-encoding to TS1/4 on input line 326.
Package textcomp Info: Setting futj sub-encoding to TS1/4 on input line 327.
Package textcomp Info: Setting hlh sub-encoding to TS1/3 on input line 328.
Package textcomp Info: Setting hls sub-encoding to TS1/3 on input line 329.
Package textcomp Info: Setting hlst sub-encoding to TS1/3 on input line 330.
Package textcomp Info: Setting hlct sub-encoding to TS1/5 on input line 331.
Package textcomp Info: Setting hlx sub-encoding to TS1/5 on input line 332.
Package textcomp Info: Setting hlce sub-encoding to TS1/5 on input line 333.
Package textcomp Info: Setting hlcn sub-encoding to TS1/5 on input line 334.
Package textcomp Info: Setting hlcw sub-encoding to TS1/5 on input line 335.
Package textcomp Info: Setting hlcf sub-encoding to TS1/5 on input line 336.
Package textcomp Info: Setting pplx sub-encoding to TS1/3 on input line 337.
Package textcomp Info: Setting pplj sub-encoding to TS1/3 on input line 338.
Package textcomp Info: Setting ptmx sub-encoding to TS1/4 on input line 339.
Package textcomp Info: Setting ptmj sub-encoding to TS1/4 on input line 340.
)
(/usr/local/texlive/2014/texmf-dist/tex/latex/fancyhdr/fancyhdr.sty
\fancy@headwidth=\skip73
\f@ncyO@elh=\skip74
\f@ncyO@erh=\skip75
\f@ncyO@olh=\skip76
\f@ncyO@orh=\skip77
\f@ncyO@elf=\skip78
\f@ncyO@erf=\skip79
\f@ncyO@olf=\skip80
\f@ncyO@orf=\skip81
)
(/usr/local/texlive/2014/texmf-dist/tex/latex/xcolor/xcolor.sty
Package: xcolor 2007/01/21 v2.11 LaTeX color extensions (UK)

(/usr/local/texlive/2014/texmf-dist/tex/latex/latexconfig/color.cfg
File: color.cfg 2007/01/18 v1.5 color configuration of teTeX/TeXLive
)
Package xcolor Info: Package option `usenames' ignored on input line 216.
Package xcolor Info: Driver file: pdftex.def on input line 225.

(/usr/local/texlive/2014/texmf-dist/tex/latex/pdftex-def/pdftex.def
File: pdftex.def 2011/05/27 v0.06d Graphics/color for pdfTeX
\Gread@gobject=\count107
)
Package xcolor Info: Model `cmy' substituted by `cmy0' on input line 1337.
Package xcolor Info: Model `hsb' substituted by `rgb' on input line 1341.
Package xcolor Info: Model `RGB' extended on input line 1353.
Package xcolor Info: Model `HTML' substituted by `rgb' on input line 1355.
Package xcolor Info: Model `Hsb' substituted by `hsb' on input line 1356.
Package xcolor Info: Model `tHsb' substituted by `hsb' on input line 1357.
Package xcolor Info: Model `HSB' substituted by `hsb' on input line 1358.
Package xcolor Info: Model `Gray' substituted by `gray' on input line 1359.
Package xcolor Info: Model `wave' substituted by `hsb' on input line 1360.

(/usr/local/texlive/2014/texmf-dist/tex/latex/graphics/dvipsnam.def
File: dvipsnam.def 2014/04/23 v3.0j Driver-dependant file (DPC,SPQR)
)
(/usr/local/texlive/2014/texmf-dist/tex/latex/xcolor/svgnam.def
File: svgnam.def 2007/01/21 v2.11 Predefined colors according to SVG 1.1 (UK)
))
\langwohyphens=\language79

(/usr/local/texlive/2014/texmf-dist/tex/latex/tools/multicol.sty
Package: multicol 2014/04/23 v1.8e multicolumn formatting (FMi)
\c@tracingmulticols=\count108
\mult@box=\box30
\multicol@leftmargin=\dimen124
\c@unbalance=\count109
\c@collectmore=\count110
\doublecol@number=\count111
\multicoltolerance=\count112
\multicolpretolerance=\count113
\full@width=\dimen125
\page@free=\dimen126
\premulticols=\dimen127
\postmulticols=\dimen128
\multicolsep=\skip82
\multicolbaselineskip=\skip83
\partial@page=\box31
\last@line=\box32
\maxbalancingoverflow=\dimen129
\mult@rightbox=\box33
\mult@grightbox=\box34
\mult@gfirstbox=\box35
\mult@firstbox=\box36
\@tempa=\box37
\@tempa=\box38
\@tempa=\box39
\@tempa=\box40
\@tempa=\box41
\@tempa=\box42
\@tempa=\box43
\@tempa=\box44
\@tempa=\box45
\@tempa=\box46
\@tempa=\box47
\@tempa=\box48
\@tempa=\box49
\@tempa=\box50
\@tempa=\box51
\@tempa=\box52
\@tempa=\box53
\c@columnbadness=\count114
\c@finalcolumnbadness=\count115
\last@try=\dimen130
\multicolovershoot=\dimen131
\multicolundershoot=\dimen132
\mult@nat@firstbox=\box54
\colbreak@box=\box55
\mc@col@check@num=\count116
)))
Package hyperref Info: Option `colorlinks' set `true' on input line 29.

(/usr/local/texlive/2014/texmf-dist/tex/latex/microtype/microtype.sty
Package: microtype 2013/05/23 v2.5a Micro-typographical refinements (RS)
\MT@toks=\toks19
\MT@count=\count117
LaTeX Info: Redefining \textls on input line 766.
\MT@outer@kern=\dimen133
LaTeX Info: Redefining \textmicrotypecontext on input line 1285.
\MT@listname@count=\count118

(/usr/local/texlive/2014/texmf-dist/tex/latex/microtype/microtype-pdftex.def
File: microtype-pdftex.def 2013/05/23 v2.5a Definitions specific to pdftex (RS)

LaTeX Info: Redefining \lsstyle on input line 915.
LaTeX Info: Redefining \lslig on input line 915.
\MT@outer@space=\skip84
)
Package microtype Info: Loading configuration file microtype.cfg.

(/usr/local/texlive/2014/texmf-dist/tex/latex/microtype/microtype.cfg
File: microtype.cfg 2013/05/23 v2.5a microtype main configuration file (RS)
))
(/usr/local/texlive/2014/texmf-dist/tex/latex/booktabs/booktabs.sty
Package: booktabs 2005/04/14 v1.61803 publication quality tables
\heavyrulewidth=\dimen134
\lightrulewidth=\dimen135
\cmidrulewidth=\dimen136
\belowrulesep=\dimen137
\belowbottomsep=\dimen138
\aboverulesep=\dimen139
\abovetopsep=\dimen140
\cmidrulesep=\dimen141
\cmidrulekern=\dimen142
\defaultaddspace=\dimen143
\@cmidla=\count119
\@cmidlb=\count120
\@aboverulesep=\dimen144
\@belowrulesep=\dimen145
\@thisruleclass=\count121
\@lastruleclass=\count122
\@thisrulewidth=\dimen146
)
(/usr/local/texlive/2014/texmf-dist/tex/latex/graphics/graphicx.sty
Package: graphicx 2014/04/25 v1.0g Enhanced LaTeX Graphics (DPC,SPQR)

(/usr/local/texlive/2014/texmf-dist/tex/latex/graphics/graphics.sty
Package: graphics 2009/02/05 v1.0o Standard LaTeX Graphics (DPC,SPQR)

(/usr/local/texlive/2014/texmf-dist/tex/latex/graphics/trig.sty
Package: trig 1999/03/16 v1.09 sin cos tan (DPC)
)
(/usr/local/texlive/2014/texmf-dist/tex/latex/latexconfig/graphics.cfg
File: graphics.cfg 2010/04/23 v1.9 graphics configuration of TeX Live
)
Package graphics Info: Driver file: pdftex.def on input line 91.
)
\Gin@req@height=\dimen147
\Gin@req@width=\dimen148
)
(/usr/local/texlive/2014/texmf-dist/tex/latex/fancyvrb/fancyvrb.sty
Package: fancyvrb 2008/02/07

Style option: `fancyvrb' v2.7a, with DG/SPQR fixes, and firstline=lastline fix 
<2008/02/07> (tvz)
\FV@CodeLineNo=\count123
\FV@InFile=\read1
\FV@TabBox=\box56
\c@FancyVerbLine=\count124
\FV@StepNumber=\count125
\FV@OutFile=\write3
)
(/usr/local/texlive/2014/texmf-dist/tex/latex/tools/xspace.sty
Package: xspace 2009/10/20 v1.13 Space after command names (DPC,MH)
)
(/usr/local/texlive/2014/texmf-dist/tex/latex/listings/listings.sty
\lst@mode=\count126
\lst@gtempboxa=\box57
\lst@token=\toks20
\lst@length=\count127
\lst@currlwidth=\dimen149
\lst@column=\count128
\lst@pos=\count129
\lst@lostspace=\dimen150
\lst@width=\dimen151
\lst@newlines=\count130
\lst@lineno=\count131
\lst@maxwidth=\dimen152

(/usr/local/texlive/2014/texmf-dist/tex/latex/listings/lstmisc.sty
File: lstmisc.sty 2014/03/04 1.5c (Carsten Heinz)
\c@lstnumber=\count132
\lst@skipnumbers=\count133
\lst@framebox=\box58
)
(/usr/local/texlive/2014/texmf-dist/tex/latex/listings/listings.cfg
File: listings.cfg 2014/03/04 1.5c listings configuration
))
Package: listings 2014/03/04 1.5c (Carsten Heinz)

(/usr/local/texlive/2014/texmf-dist/tex/latex/listings/lstlang1.sty
File: lstlang1.sty 2014/03/04 1.5c listings language file
)
(./Introduction_to_TouchDesigner.aux)
\openout1 = `Introduction_to_TouchDesigner.aux'.

LaTeX Font Info:    Checking defaults for OML/cmm/m/it on input line 89.
LaTeX Font Info:    ... okay on input line 89.
LaTeX Font Info:    Checking defaults for T1/cmr/m/n on input line 89.
LaTeX Font Info:    ... okay on input line 89.
LaTeX Font Info:    Checking defaults for OT1/cmr/m/n on input line 89.
LaTeX Font Info:    ... okay on input line 89.
LaTeX Font Info:    Checking defaults for OMS/cmsy/m/n on input line 89.
LaTeX Font Info:    ... okay on input line 89.
LaTeX Font Info:    Checking defaults for OMX/cmex/m/n on input line 89.
LaTeX Font Info:    ... okay on input line 89.
LaTeX Font Info:    Checking defaults for U/cmr/m/n on input line 89.
LaTeX Font Info:    ... okay on input line 89.
LaTeX Font Info:    Checking defaults for PD1/pdf/m/n on input line 89.
LaTeX Font Info:    ... okay on input line 89.
LaTeX Font Info:    Checking defaults for PU/pdf/m/n on input line 89.
LaTeX Font Info:    ... okay on input line 89.
LaTeX Font Info:    Checking defaults for TS1/cmr/m/n on input line 89.
LaTeX Font Info:    Try loading font information for TS1+cmr on input line 89.

(/usr/local/texlive/2014/texmf-dist/tex/latex/base/ts1cmr.fd
File: ts1cmr.fd 1999/05/25 v2.5h Standard LaTeX font definitions
)
LaTeX Font Info:    ... okay on input line 89.
LaTeX Font Info:    Try loading font information for T1+pplj on input line 89.

(/usr/local/texlive/2014/texmf-dist/tex/latex/psnfss/t1pplj.fd
File: t1pplj.fd 2004/09/06 font definitions for T1/pplj.
)
\AtBeginShipoutBox=\box59
Package hyperref Info: Link coloring ON on input line 89.

(/usr/local/texlive/2014/texmf-dist/tex/latex/hyperref/nameref.sty
Package: nameref 2012/10/27 v2.43 Cross-referencing by name of section

(/usr/local/texlive/2014/texmf-dist/tex/generic/oberdiek/gettitlestring.sty
Package: gettitlestring 2010/12/03 v1.4 Cleanup title references (HO)
)
\c@section@level=\count134
)
LaTeX Info: Redefining \ref on input line 89.
LaTeX Info: Redefining \pageref on input line 89.
LaTeX Info: Redefining \nameref on input line 89.

(./Introduction_to_TouchDesigner.out) (./Introduction_to_TouchDesigner.out)
\@outlinefile=\write4
\openout4 = `Introduction_to_TouchDesigner.out'.


ABD: EverySelectfont initializing macros
LaTeX Info: Redefining \selectfont on input line 89.

*geometry* driver: auto-detecting
*geometry* detected driver: pdftex
*geometry* verbose mode - [ preamble ] result:
* driver: pdftex
* paper: letterpaper
* layout: <same size as paper>
* layoutoffset:(h,v)=(0.0pt,0.0pt)
* modes: twoside asymmetric 
* h-part:(L,W,R)=(72.26999pt, 312.0pt, 230.02501pt)
* v-part:(T,H,B)=(72.26999pt, 616.0pt, 106.7pt)
* \paperwidth=614.295pt
* \paperheight=794.96999pt
* \textwidth=312.0pt
* \textheight=616.0pt
* \oddsidemargin=0.0pt
* \evensidemargin=0.0pt
* \topmargin=-42.0pt
* \headheight=14.0pt
* \headsep=28.0pt
* \topskip=10.0pt
* \footskip=25.29494pt
* \marginparwidth=144.0pt
* \marginparsep=24.0pt
* \columnsep=10.0pt
* \skip\footins=9.0pt plus 4.0pt minus 2.0pt
* \hoffset=0.0pt
* \voffset=0.0pt
* \mag=1000
* \@twocolumnfalse
* \@twosidetrue
* \@mparswitchfalse
* \@reversemarginfalse
* (1in=72.27pt=25.4mm, 1cm=28.453pt)

LaTeX Info: Redefining \microtypecontext on input line 89.
Package microtype Info: Generating PDF output.
Package microtype Info: Character protrusion enabled (level 2).
Package microtype Info: Using default protrusion set `alltext'.
Package microtype Info: Automatic font expansion enabled (level 2),
(microtype)             stretch: 20, shrink: 20, step: 1, non-selected.
Package microtype Info: Using default expansion set `basictext'.
Package microtype Info: No adjustment of tracking.
Package microtype Info: No adjustment of interword spacing.
Package microtype Info: No adjustment of character kerning.
(/usr/local/texlive/2014/texmf-dist/tex/latex/microtype/mt-ppl.cfg
File: mt-ppl.cfg 2005/11/16 v1.6 microtype config. file: Palatino (RS)
)
\big@size=\dimen153

(/usr/local/texlive/2014/texmf-dist/tex/context/base/supp-pdf.mkii
[Loading MPS to PDF converter (version 2006.09.02).]
\scratchcounter=\count135
\scratchdimen=\dimen154
\scratchbox=\box60
\nofMPsegments=\count136
\nofMParguments=\count137
\everyMPshowfont=\toks21
\MPscratchCnt=\count138
\MPscratchDim=\dimen155
\MPnumerator=\count139
\makeMPintoPDFobject=\count140
\everyMPtoPDFconversion=\toks22
) (/usr/local/texlive/2014/texmf-dist/tex/latex/oberdiek/epstopdf-base.sty
Package: epstopdf-base 2010/02/09 v2.5 Base part for package epstopdf

(/usr/local/texlive/2014/texmf-dist/tex/latex/oberdiek/grfext.sty
Package: grfext 2010/08/19 v1.1 Manage graphics extensions (HO)
)
Package grfext Info: Graphics extension search list:
(grfext)             [.png,.pdf,.jpg,.mps,.jpeg,.jbig2,.jb2,.PNG,.PDF,.JPG,.JPE
G,.JBIG2,.JB2,.eps]
(grfext)             \AppendGraphicsExtensions on input line 452.

(/usr/local/texlive/2014/texmf-dist/tex/latex/latexconfig/epstopdf-sys.cfg
File: epstopdf-sys.cfg 2010/07/13 v1.3 Configuration of (r)epstopdf for TeX Liv
e
))
\c@lstlisting=\count141
LaTeX Font Info:    Try loading font information for T1+phv on input line 96.

(/usr/local/texlive/2014/texmf-dist/tex/latex/psnfss/t1phv.fd
File: t1phv.fd 2001/06/04 scalable font definitions for T1/phv.
)
LaTeX Font Info:    Font shape `T1/phv/m/n' will be
(Font)              scaled to size 8.99994pt on input line 96.
Package microtype Info: Loading generic settings for font family
(microtype)             `phv' (encoding: T1).
(microtype)             For optimal results, create family-specific settings.
(microtype)             See the microtype manual for details.
LaTeX Font Info:    Font shape `T1/phv/m/n' will be
(Font)              scaled to size 16.19989pt on input line 96.
LaTeX Font Info:    Font shape `T1/phv/m/n' will be
(Font)              scaled to size 32.39978pt on input line 96.
LaTeX Font Info:    Font shape `T1/phv/m/n' will be
(Font)              scaled to size 12.59991pt on input line 96.
 [1



{/usr/local/texlive/2014/texmf-var/fonts/map/pdftex/updmap/pdftex.map}]
LaTeX Font Info:    Try loading font information for TS1+pplj on input line 108
.

(/usr/local/texlive/2014/texmf-dist/tex/latex/psnfss/ts1pplj.fd
File: ts1pplj.fd 2004/09/06 font definitions for TS1/pplj.
)
LaTeX Font Info:    Try loading font information for T1+fvm on input line 112.

(/usr/local/texlive/2014/texmf-dist/tex/latex/bera/t1fvm.fd
File: t1fvm.fd 2004/09/07 scalable font definitions for T1/fvm.
)

LaTeX Font Warning: Font shape `T1/fvm/m/sc' undefined
(Font)              using `T1/fvm/m/n' instead on input line 112.

LaTeX Font Info:    Font shape `T1/fvm/m/n' will be
(Font)              scaled to size 8.50006pt on input line 112.
Package microtype Info: Loading generic settings for font family
(microtype)             `fvm' (encoding: T1).
(microtype)             For optimal results, create family-specific settings.
(microtype)             See the microtype manual for details.
LaTeX Font Info:    Try loading font information for OT1+pplx on input line 112
.
(/usr/local/texlive/2014/texmf-dist/tex/latex/psnfss/ot1pplx.fd
File: ot1pplx.fd 2004/09/06 font definitions for OT1/pplx.
)
LaTeX Font Info:    Try loading font information for OML+zplm on input line 112
.

(/usr/local/texlive/2014/texmf-dist/tex/latex/psnfss/omlzplm.fd
File: omlzplm.fd 2002/09/08 Fontinst v1.914 font definitions for OML/zplm.
)
LaTeX Font Info:    Try loading font information for OMS+zplm on input line 112
.

(/usr/local/texlive/2014/texmf-dist/tex/latex/psnfss/omszplm.fd
File: omszplm.fd 2002/09/08 Fontinst v1.914 font definitions for OMS/zplm.
)
LaTeX Font Info:    Try loading font information for OMX+zplm on input line 112
.

(/usr/local/texlive/2014/texmf-dist/tex/latex/psnfss/omxzplm.fd
File: omxzplm.fd 2002/09/08 Fontinst v1.914 font definitions for OMX/zplm.
)
LaTeX Font Info:    Try loading font information for OT1+zplm on input line 112
.

(/usr/local/texlive/2014/texmf-dist/tex/latex/psnfss/ot1zplm.fd
File: ot1zplm.fd 2002/09/08 Fontinst v1.914 font definitions for OT1/zplm.
)
Package microtype Info: Loading generic settings for font family
(microtype)             `zplm' (encoding: OT1).
(microtype)             For optimal results, create family-specific settings.
(microtype)             See the microtype manual for details.

Overfull \hbox (0.11655pt too wide) in paragraph at lines 114--115
\T1/pplj/m/n/10 (+20) tional Li-cense. To view a copy of this li-cense, visit [
][]$\T1/fvm/m/n/10 http : / / creativecommons . org / licenses / by-[]nc-[]sa /
 4 . 0 / 
 []

[2

] (./Introduction_to_TouchDesigner.toc
LaTeX Font Info:    Font shape `T1/pplj/bx/n' in size <10> not available
(Font)              Font shape `T1/pplj/b/n' tried instead on input line 1.
 [3

] [4])
\tf@toc=\write5
\openout5 = `Introduction_to_TouchDesigner.toc'.

 [5] [6

]
(./tex/Introduction.tex [7] [8

]
Overfull \hbox (0.11588pt too wide) in paragraph at lines 23--24
[]\T1/pplj/m/n/10 (+6) Many thanks to Elburz for this initiative to enrich the 
TouchDesigner community. I'm sure it will trigger 
 []

[9

] [10

]
Overfull \hbox (0.10979pt too wide) in paragraph at lines 83--84
\T1/pplj/m/n/10 (+5) programming languages in existence, such as Cycling 74's M
ax/MSP, but what sets TouchDesigner apart is 
 []

) [11] [12

] (./tex/Basics.tex
Chapter 1.

Overfull \hbox (0.21712pt too wide) in paragraph at lines 10--11
[]\T1/pplj/m/n/10 (+19) Wiring Operators is the most basic operation in TouchDe
signer. All projects are made up of nothing more 
 []

<./img/1.1/signal-flow-1.png, id=448, 384.9582pt x 166.4619pt>
File: ./img/1.1/signal-flow-1.png Graphic file (type png)

<use ./img/1.1/signal-flow-1.png>
Package pdftex.def Info: ./img/1.1/signal-flow-1.png used on input line 15.
(pdftex.def)             Requested size: 480.02177pt x 207.56883pt.

<./img/1.1/signal-flow-2.png, id=449, 398.4486pt x 210.5466pt>
File: ./img/1.1/signal-flow-2.png Graphic file (type png)

<use ./img/1.1/signal-flow-2.png>
Package pdftex.def Info: ./img/1.1/signal-flow-2.png used on input line 21.
(pdftex.def)             Requested size: 480.0085pt x 253.64415pt.
 [13


 <./img/1.1/signal-flow-1.png>]
Overfull \hbox (0.11015pt too wide) in paragraph at lines 34--35
\T1/pplj/m/n/10 (+9) selecting Transform TOP, would create a Transform TOP, tha
t would be pre-wired in-between the Constant 
 []

[14 <./img/1.1/signal-flow-2.png>]
<./img/1.2/creating-operators-1.png, id=459, 424.2249pt x 78.5334pt>
File: ./img/1.2/creating-operators-1.png Graphic file (type png)

<use ./img/1.2/creating-operators-1.png>
Package pdftex.def Info: ./img/1.2/creating-operators-1.png used on input line 
44.
(pdftex.def)             Requested size: 480.0029pt x 88.85913pt.

<./img/1.2/creating-operators-2.png, id=460, 419.4069pt x 74.679pt>
File: ./img/1.2/creating-operators-2.png Graphic file (type png)

<use ./img/1.2/creating-operators-2.png>
Package pdftex.def Info: ./img/1.2/creating-operators-2.png used on input line 
46.
(pdftex.def)             Requested size: 480.02953pt x 85.47336pt.

<./img/1.2/creating-operators-3.png, id=461, 421.3341pt x 164.0529pt>
File: ./img/1.2/creating-operators-3.png Graphic file (type png)

<use ./img/1.2/creating-operators-3.png>
Package pdftex.def Info: ./img/1.2/creating-operators-3.png used on input line 
48.
(pdftex.def)             Requested size: 480.01727pt x 186.90208pt.

Overfull \hbox (0.1572pt too wide) in paragraph at lines 55--56
\T1/pplj/m/n/10 (+17) TOP, connected to a Blur TOP, connected to a Null TOP. Le
t's go through this step by step, to demonstrate 
 []

[15 <./img/1.2/creating-operators-1.png> <./img/1.2/creating-operators-2.png> <
./img/1.2/creating-operators-3.png>]
Overfull \hbox (0.15881pt too wide) in paragraph at lines 86--87
\T1/pplj/m/n/10 (+5) Operator, right click and drag the selection box around th
e desired Operators. Middle click on an Operator 
 []

<./img/1.3/navigation-1.png, id=466, 260.172pt x 103.8279pt>
File: ./img/1.3/navigation-1.png Graphic file (type png)

<use ./img/1.3/navigation-1.png>
Package pdftex.def Info: ./img/1.3/navigation-1.png used on input line 89.
(pdftex.def)             Requested size: 480.02437pt x 191.56528pt.
 [16]
Overfull \hbox (0.18958pt too wide) in paragraph at lines 94--95
[]\T1/pplj/m/n/10 (+15) There are several key commands used to navigate TouchDe
signer projects. Two of these key commands 
 []


Overfull \hbox (0.10376pt too wide) in paragraph at lines 104--105
\T1/pplj/m/n/10 (+4) cap-su-lated in-side of com-po-nents, such as a Con-tainer
 COMP, Base COMP, Ge-om-e-try COMP, etc. Net-works 
 []


Overfull \hbox (0.16579pt too wide) in paragraph at lines 104--105
\T1/pplj/m/n/10 (+14) can be in-finitely nested. The top level is called the 'r
oot' level. TouchDe-signer sys-tem and UI el-e-ments can 
 []

<./img/1.4/path-1.png, id=488, 259.9311pt x 17.8266pt>
File: ./img/1.4/path-1.png Graphic file (type png)

<use ./img/1.4/path-1.png>
Package pdftex.def Info: ./img/1.4/path-1.png used on input line 109.
(pdftex.def)             Requested size: 480.04398pt x 32.92235pt.

Overfull \hbox (0.21568pt too wide) in paragraph at lines 114--115
\T1/pplj/m/n/10 (+19) from the cur-rent Op-er-a-tor to 'rel2', which is a Text 
DAT in-side of the Con-tainer COMP named 'net-work2'. 
 []

[17 <./img/1.3/navigation-1.png> <./img/1.4/path-1.png>]
Overfull \hbox (0.16675pt too wide) in paragraph at lines 118--119
\T1/pplj/m/n/10 (+2) example of an 'absolute path'. 'rel2' has an example of a 
'relative path' between itself and 'abs1'. It also has 
 []


Overfull \hbox (0.1763pt too wide) in paragraph at lines 118--119
\T1/pplj/m/n/10 (+2) an example of a 'relative path' between itself and 'rel1' 
in the Network above, where 'rel1' is the Operator's 
 []


Overfull \hbox (0.17809pt too wide) in paragraph at lines 141--142
[]\T1/pplj/m/n/10 (+12) To setup an external editor, a new Windows Environment 
Variable will need to be made. It is best to do 
 []

[18]
Overfull \hbox (0.16565pt too wide) in paragraph at lines 156--157
[]\T1/pplj/m/n/10 (+19) Once the setup is complete, right click on a DAT and cl
ick the 'Edit Contents' option, and the DAT will 
 []

<./img/1.6/help-1.png, id=511, 260.172pt x 103.8279pt>
File: ./img/1.6/help-1.png Graphic file (type png)

<use ./img/1.6/help-1.png>
Package pdftex.def Info: ./img/1.6/help-1.png used on input line 175.
(pdftex.def)             Requested size: 426.81581pt x 170.33112pt.

<./img/1.6/help-2.png, id=512, 260.172pt x 103.8279pt>
File: ./img/1.6/help-2.png Graphic file (type png)

<use ./img/1.6/help-2.png>
Package pdftex.def Info: ./img/1.6/help-2.png used on input line 177.
(pdftex.def)             Requested size: 426.81581pt x 170.33112pt.
) (./tex/UserInterface.tex [19 <./img/1.6/help-1.png> <./img/1.6/help-2.png>] [
20

]
Chapter 2.
<./img/2.1/parameter-window.png, id=522, 111.5367pt x 73.2336pt>
File: ./img/2.1/parameter-window.png Graphic file (type png)

<use ./img/2.1/parameter-window.png>
Package pdftex.def Info: ./img/2.1/parameter-window.png used on input line 19.
(pdftex.def)             Requested size: 369.90173pt x 242.8728pt.
 [21

 <./img/2.1/parameter-window.png>]
<./img/2.2/parameters-1.PNG, id=527, 111.7776pt x 73.4745pt>
File: ./img/2.2/parameters-1.PNG Graphic file (type png)

<use ./img/2.2/parameters-1.PNG>
Package pdftex.def Info: ./img/2.2/parameters-1.PNG used on input line 54.
(pdftex.def)             Requested size: 341.51639pt x 224.48811pt.

Underfull \vbox (badness 7704) has occurred while \output is active []

 [22]
Overfull \hbox (0.12154pt too wide) in paragraph at lines 57--58
[]\T1/pplj/m/n/10 (+18) Once hovering over the parameter's name, click it and i
t will expand, displaying more information and 
 []

<./img/2.2/parameters-2.PNG, id=543, 111.7776pt x 78.2925pt>
File: ./img/2.2/parameters-2.PNG Graphic file (type png)

<use ./img/2.2/parameters-2.PNG>
Package pdftex.def Info: ./img/2.2/parameters-2.PNG used on input line 60.
(pdftex.def)             Requested size: 341.51639pt x 239.20866pt.
LaTeX Font Info:    Font shape `T1/fvm/m/n' will be
(Font)              scaled to size 7.65005pt on input line 65.
 [23 <./img/2.2/parameters-1.PNG> <./img/2.2/parameters-2.PNG>] <./img/2.2/para
meters-3.PNG, id=550, 111.7776pt x 78.2925pt>
File: ./img/2.2/parameters-3.PNG Graphic file (type png)

<use ./img/2.2/parameters-3.PNG>
Package pdftex.def Info: ./img/2.2/parameters-3.PNG used on input line 72.
(pdftex.def)             Requested size: 341.51639pt x 239.20866pt.

Overfull \hbox (0.18887pt too wide) in paragraph at lines 75--76
\T1/pplj/m/n/10 (+7) the parameter, at which point it will take up Export mode'
s colour scheme, and the green box will be filled 
 []

<./img/2.2/parameters-4.PNG, id=551, 111.5367pt x 78.7743pt>
File: ./img/2.2/parameters-4.PNG Graphic file (type png)

<use ./img/2.2/parameters-4.PNG>
Package pdftex.def Info: ./img/2.2/parameters-4.PNG used on input line 78.
(pdftex.def)             Requested size: 341.4475pt x 241.15195pt.

Overfull \hbox (0.2416pt too wide) in paragraph at lines 81--82
\T1/pplj/m/n/10 (+18) in the value field. In Export mode, the value field displ
ays two pieces of information separated by a colon. 
 []

[24 <./img/2.2/parameters-3.PNG> <./img/2.2/parameters-4.PNG>]
<./img/2.3/transport-1.png, id=556, 259.9311pt x 21.9219pt>
File: ./img/2.3/transport-1.png Graphic file (type png)

<use ./img/2.3/transport-1.png>
Package pdftex.def Info: ./img/2.3/transport-1.png used on input line 92.
(pdftex.def)             Requested size: 480.04398pt x 40.48563pt.

<./img/2.4/timeline.png, id=557, 66.4884pt x 21.9219pt>
File: ./img/2.4/timeline.png Graphic file (type png)

<use ./img/2.4/timeline.png>
Package pdftex.def Info: ./img/2.4/timeline.png used on input line 119.
(pdftex.def)             Requested size: 227.63515pt x 75.0536pt.
 [25 <./img/2.3/transport-1.png>]
<./img/2.5/panes-1.png, id=571, 812.28468pt x 55.70813pt>
File: ./img/2.5/panes-1.png Graphic file (type png)

<use ./img/2.5/panes-1.png>
Package pdftex.def Info: ./img/2.5/panes-1.png used on input line 131.
(pdftex.def)             Requested size: 479.99988pt x 32.91934pt.

<./img/2.5/panes-2.png, id=573, 1444.64719pt x 794.97pt>
File: ./img/2.5/panes-2.png Graphic file (type png)

<use ./img/2.5/panes-2.png>
Package pdftex.def Info: ./img/2.5/panes-2.png used on input line 137.
(pdftex.def)             Requested size: 479.9975pt x 264.13618pt.
 [26 <./img/2.4/timeline.png> <./img/2.5/panes-1.png> <./img/2.5/panes-2.png>]
Overfull \hbox (0.17975pt too wide) in paragraph at lines 156--157
\T1/pplj/m/n/10 (+18) scripts, and more, can be cre-ated in-side of a sin-gle C
om-po-nent Op-er-a-tor, saved as a '.tox' file, and quickly 
 []


Overfull \hbox (0.105pt too wide) in paragraph at lines 160--161
\T1/pplj/m/n/10 (+2) inside. Before diving deeper, take a moment to connect two
 inputs and try the 'Blend' component. Activate 
 []


Overfull \hbox (0.21005pt too wide) in paragraph at lines 160--161
\T1/pplj/m/n/10 (+5) transparent handle across the image to blend between the i
nputs. This is a useful tool, and all it took was a 
 []


Overfull \hbox (0.21173pt too wide) in paragraph at lines 162--163
\T1/pplj/m/n/10 (+19) drag and drop method. To do so, select 'My Components' fr
om the top portion of the browser. Then drag 
 []

<./img/2.6/palette-1.png, id=580, 286.06876pt x 678.28406pt>
File: ./img/2.6/palette-1.png Graphic file (type png)

<use ./img/2.6/palette-1.png>
Package pdftex.def Info: ./img/2.6/palette-1.png used on input line 165.
(pdftex.def)             Requested size: 170.71718pt x 404.77942pt.

Underfull \vbox (badness 3088) has occurred while \output is active []

 [27]
Overfull \hbox (0.10071pt too wide) in paragraph at lines 176--177
\T1/pplj/m/n/10 (+15) it is easy to lose track of specific lines of code. A qui
ck search for the code below will return a list of every 
 []

[28 <./img/2.6/palette-1.png>]
Overfull \hbox (0.20898pt too wide) in paragraph at lines 187--188
\T1/pplj/m/n/10 (+8) floating pane. Here, the results can be can quickly previe
wed, and simple changes can be made within this 
 []

<./img/2.8/realtime-1.png, id=592, 812.28468pt x 54.9553pt>
File: ./img/2.8/realtime-1.png Graphic file (type png)

<use ./img/2.8/realtime-1.png>
Package pdftex.def Info: ./img/2.8/realtime-1.png used on input line 196.
(pdftex.def)             Requested size: 479.99988pt x 32.47449pt.

Overfull \hbox (0.10947pt too wide) in paragraph at lines 201--202
\T1/pplj/m/n/10 (+9) the example mentioned above, if Realtime is off, TouchDesi
gner would take as long as it needed to process 
 []


Overfull \hbox (0.15208pt too wide) in paragraph at lines 218--219
[]\T1/pplj/m/n/10 (+20) 'C' - Opens and closes the Colour Palette. This can add
 a coloured outline to the selected Operators for 
 []

[29 <./img/2.8/realtime-1.png>]) (./tex/TOPs.tex [30]
Chapter 3.

Overfull \hbox (0.18523pt too wide) in paragraph at lines 10--11
\T1/pplj/m/n/10 (+8) video inputs and outputs, and are used to process everythi
ng that will be output to a monitor, projector, or 
 []

[31


]
Overfull \hbox (0.1717pt too wide) in paragraph at lines 71--72
[]\T1/pplj/m/n/10 (+3) Open example 'Select_2.toe'. This example exponentially 
increases the amount of replicated components 
 []


Overfull \hbox (0.21254pt too wide) in paragraph at lines 71--72
\T1/pplj/m/n/10 (+3) Python script in the Select TOP's 'Select' parameter to au
tomatically reference the corresponding replicated 
 []

[32]
Overfull \hbox (0.18874pt too wide) in paragraph at lines 81--82
\T1/pplj/m/n/10 (+11) tainer. Codec has taken over as the gen-eral term for the
 file for-mat of audio-video files, which is con-fus-ing 
 []


Overfull \hbox (0.23175pt too wide) in paragraph at lines 83--84
\T1/pplj/m/n/10 (+20) light weight, portable files, while oth-ers pri-or-i-tize
 qual-ity, for long-term preser-va-tion of con-tent. Dif-fer-ent 
 []

[33] [34]) (./tex/CHOPs.tex [35] [36

]
Chapter 4.

Overfull \hbox (0.15082pt too wide) in paragraph at lines 34--35
\T1/pplj/m/n/10 (+19) for dimmers, various settings, built-in chases, RGB chann
els, motor automation, and more. Many lighting 
 []


Overfull \hbox (0.21799pt too wide) in paragraph at lines 34--35
\T1/pplj/m/n/10 (+17) the many types of controllers and desks available, their 
manuals will be invaluable when creating projects 
 []

[37

]
Overfull \hbox (0.14014pt too wide) in paragraph at lines 44--45
\T1/pplj/m/n/10 (+11) signer is ca-pa-ble of pro-cess-ing au-dio from au-dio fi
les, movie files, ex-ter-nal au-dio in-ter-faces, in-ter-net au-dio 
 []


Overfull \hbox (0.17664pt too wide) in paragraph at lines 54--55
\T1/pplj/m/n/10 (+17) is a mature driver, having been in development for many y
ears, and provides relatively low latencies even 
 []

[38]
Overfull \hbox (0.14233pt too wide) in paragraph at lines 75--76
[]\T1/pplj/m/n/10 (+18) The sam-ple rate of dif-fer-ent Op-er-a-tors is some-th
ing that is over-looked by many be-gin-ners, but is es-sen- 
 []

<./img/4.4/sample-rate.png, id=643, 1125.003pt x 232.2276pt>
File: ./img/4.4/sample-rate.png Graphic file (type png)

<use ./img/4.4/sample-rate.png>
Package pdftex.def Info: ./img/4.4/sample-rate.png used on input line 78.
(pdftex.def)             Requested size: 479.99965pt x 99.08342pt.
 [39 <./img/4.4/sample-rate.png (PNG copy)>]
Overfull \hbox (0.17781pt too wide) in paragraph at lines 83--84
\T1/pplj/m/n/10 (+17) and to use the Resample CHOP when necessary. Many times, 
this situation will occur in regards to audio, 
 []


Overfull \hbox (0.12852pt too wide) in paragraph at lines 96--97
\T1/pplj/m/n/10 (+11) smoother outputs. This is in contrast to CHOPs that aren'
t time sliced, that will cook their value at the last 
 []


Overfull \hbox (0.19765pt too wide) in paragraph at lines 100--101
[]\T1/pplj/m/n/10 (+4) The diagram below illustrates the above example, where t
he dotted-blue line is a non-Time sliced CHOP, 
 []

<./img/4.4/Timeslice.png, id=648, 1022.6205pt x 396.0396pt>
File: ./img/4.4/Timeslice.png Graphic file (type png)

<use ./img/4.4/Timeslice.png>
Package pdftex.def Info: ./img/4.4/Timeslice.png used on input line 103.
(pdftex.def)             Requested size: 398.33667pt x 154.26747pt.
) (./tex/DATs.tex [40 <./img/4.4/Timeslice.png (PNG copy)>]
Chapter 5.

Overfull \hbox (0.21454pt too wide) in paragraph at lines 31--32
\T1/pplj/m/n/10 (+6) data transmission. This creates a level of unreliability i
n areas such as delivery acknowledgments, dropped 
 []

[41


]
Overfull \hbox (0.18167pt too wide) in paragraph at lines 35--36
\T1/pplj/m/n/10 (+5) message to each individual computer. This is the opposite 
of 'Unicast messaging', in which each connected 
 []


Overfull \hbox (0.1148pt too wide) in paragraph at lines 37--38
\T1/pplj/m/n/10 (+2) ap-pli-ca-tion. It has been de-signed from the ground up t
o be used as an in-ter-face be-tween web browsers and 
 []


Overfull \hbox (0.12154pt too wide) in paragraph at lines 37--38
\T1/pplj/m/n/10 (+1) servers, and the pro-to-col has sim-pli-fied some key func
-tion-al-ity in re-gards to bi-directional web com-mu-ni-ca- 
 []

) (./tex/SOPs.tex [42]
Chapter 6.

Overfull \hbox (0.15045pt too wide) in paragraph at lines 11--12
\T1/pplj/m/n/10 (+2) are the oft ignored operators by many beginners because of
 their steep learning curve, but rest assured that 
 []

[43


]
Overfull \hbox (0.22307pt too wide) in paragraph at lines 60--61
\T1/pplj/m/n/10 (+16) TOP. This is because the light's dimness has been purpose
fully set the to 0, to demonstrate how important 
 []

[44] <./img/6.2/rendering-1.png, id=673, 280.6485pt x 123.5817pt>
File: ./img/6.2/rendering-1.png Graphic file (type png)

<use ./img/6.2/rendering-1.png>
Package pdftex.def Info: ./img/6.2/rendering-1.png used on input line 69.
(pdftex.def)             Requested size: 480.0381pt x 211.38155pt.

<./img/6.2/rendering-2.png, id=674, 358.941pt x 135.1449pt>
File: ./img/6.2/rendering-2.png Graphic file (type png)

<use ./img/6.2/rendering-2.png>
Package pdftex.def Info: ./img/6.2/rendering-2.png used on input line 71.
(pdftex.def)             Requested size: 479.99805pt x 180.72409pt.

Overfull \hbox (0.14587pt too wide) in paragraph at lines 74--75
\T1/pplj/m/n/10 (+2) cameras have a perspective point, and a view frustum that 
are used to determine what the camera sees and 
 []


Overfull \hbox (0.19267pt too wide) in paragraph at lines 74--75
\T1/pplj/m/n/10 (+4) perspective point. Perspective correction, or 'foreshorten
ing', is applied on all objects in the scene, meaning 
 []

[45 <./img/6.2/rendering-1.png (PNG copy)> <./img/6.2/rendering-2.png (PNG copy
)>]
Overfull \hbox (0.15634pt too wide) in paragraph at lines 76--77
\T1/pplj/m/n/10 (+5) placed farther in the scene appears smaller, just as it wo
uld in real life. This is the simplest example of how 
 []


Overfull \hbox (0.19429pt too wide) in paragraph at lines 84--85
[]\T1/pplj/m/n/10 (+20) Think about the blueprint of a building in a CAD progra
m. It is a representation of a 3D object on 
 []

) (./tex/COMPs.tex [46]
Chapter 7.
[47


]
Overfull \hbox (0.11183pt too wide) in paragraph at lines 33--34
\T1/pplj/m/n/10 (+17) opening and closing of the window. The next is a button t
hat dynamically checks how many monitors are 
 []

) (./tex/MATs.tex [48]
Chapter 8.

Overfull \hbox (0.19177pt too wide) in paragraph at lines 38--39
\T1/pplj/m/n/10 (+8) starting, but there are tons of examples of GLSL shaders o
n the Internet, as well as quite a number of great 
 []

[49


]
Overfull \hbox (0.16978pt too wide) in paragraph at lines 61--62
\T1/pplj/m/n/10 (+11) exported correctly from its modelling software, it will i
nclude co-ordinates indicating to other applications 
 []

<./img/8.3/3D-geo.png, id=696, 913.4125pt x 673.51625pt>
File: ./img/8.3/3D-geo.png Graphic file (type png)

<use ./img/8.3/3D-geo.png>
Package pdftex.def Info: ./img/8.3/3D-geo.png used on input line 66.
(pdftex.def)             Requested size: 426.78125pt x 314.69254pt.

<./img/8.3/Geo-map.png, id=697, 1027.84pt x 552.0625pt>
Underfull \vbox (badness 2503) has occurred while \output is active []

 [50]
File: ./img/8.3/Geo-map.png Graphic file (type png)

<use ./img/8.3/Geo-map.png>
Package pdftex.def Info: ./img/8.3/Geo-map.png used on input line 68.
(pdftex.def)             Requested size: 426.79659pt x 229.23643pt.
) (./tex/Python.tex [51 <./img/8.3/3D-geo.png> <./img/8.3/Geo-map.png>] [52

]
Chapter 9.

Overfull \hbox (0.14986pt too wide) in paragraph at lines 10--11
[]\T1/pplj/m/n/10 (+19) Python script-ing is one of the most pow-er-ful fea-tur
es of TouchDe-signer 088. It is ca-pa-ble of do-ing in-cred-i- 
 []


Overfull \hbox (0.17859pt too wide) in paragraph at lines 10--11
\T1/pplj/m/n/10 (+18) bly com-plex op-er-a-tions, like it-er-at-ing through lar
ge data sets, na-tively com-mu-ni-cat-ing with a myr-iad web 
 []


Overfull \hbox (0.19551pt too wide) in paragraph at lines 28--29
\T1/pplj/m/n/10 (+11) quite easy to pick up and put down. Often times, 10-15 mi
nutes a day of tutorials, over the course of a few 
 []


Overfull \hbox (0.15942pt too wide) in paragraph at lines 37--38
[]\T1/pplj/m/n/10 (+4) The Textport has a few important roles in regards to scr
ipting inside of TouchDesigner. There are two ways 
 []


Underfull \vbox (badness 1715) has occurred while \output is active []

 [53

]
Overfull \hbox (0.1278pt too wide) in paragraph at lines 69--70
\T1/pplj/m/n/10 (+13) scripts. Open the Textport, and then click on the 'Good P
ython' button in the middle of the Network. This 
 []

[54]
Overfull \hbox (0.2023pt too wide) in paragraph at lines 100--101
\T1/pplj/m/n/10 (+6) it is clear that the string being printed is not enclosed 
in quotation marks. Knowing where the error is, and 
 []


Overfull \hbox (0.20143pt too wide) in paragraph at lines 106--107
\T1/pplj/m/n/10 (+13) different types of errors can be found by looking through
 the official Python 3.3 documentation, under the 
 []


Overfull \hbox (0.10468pt too wide) in paragraph at lines 108--109
[]\T1/pplj/m/n/10 (+9) Printing to the Textport is an excellent way to take som
e of the mystery out of scripting. When scripting 
 []


Overfull \hbox (0.19928pt too wide) in paragraph at lines 108--109
\T1/pplj/m/n/10 (+17) performing backend tasks, such as preloading and unloadin
g movies, that have results that are difficult to 
 []


Overfull \hbox (0.12004pt too wide) in paragraph at lines 112--113
\T1/pplj/m/n/10 (+11) has buttons that are clicked into the On position as each
 script is run. This is solely to make it easier to see 
 []

[55]
Overfull \hbox (0.1161pt too wide) in paragraph at lines 167--168
[]\T1/pplj/m/n/10 (+19) This can be applied to something that is often done in 
a hurry: naming. There are many different areas 
 []

[56]
Overfull \hbox (0.1873pt too wide) in paragraph at lines 219--220
\T1/pplj/m/n/10 (+5) when quickly skimmed. One quick way to increase the readab
ility of this script is to comment it. Let's take 
 []

[57]
Overfull \hbox (0.14648pt too wide) in paragraph at lines 253--254
[]\T1/pplj/m/n/10 (+12) The more complicated projects become, scripts will slow
ly become longer and longer. At a certain point, it 
 []

[58]
Overfull \hbox (0.15454pt too wide) in paragraph at lines 276--277
[]\T1/pplj/m/n/10 (+8) It would be easy to quickly edit a single value, as acti
ons and parameters are much easier to track down 
 []


Overfull \hbox (0.12514pt too wide) in paragraph at lines 278--279
[]\T1/pplj/m/n/10 (+7) This compartmentalized workflow helps cut hard to manage
 scripts, some more than 500 lines in length, 
 []


Overfull \hbox (0.23462pt too wide) in paragraph at lines 280--281
\T1/pplj/m/n/10 (+4) Movie In TOP. From the Text DAT named 'set_movie_tops', in
stead of retyping the same set of actions over 
 []


Overfull \hbox (0.17567pt too wide) in paragraph at lines 282--283
[]\T1/pplj/m/n/10 (+14) Although the series of actions have been slightly arbit
rary, the idea is simple: compartmentalize Python 
 []


Overfull \hbox (0.12802pt too wide) in paragraph at lines 292--293
[]\T1/pplj/m/n/10 (+16) Below is a very basic list of some free, online, Python
 tutorials. (Note: some of the tutorials are for Python 
 []

) (./tex/OutputtingContent.tex [59] [60

]
Chapter 10.

Overfull \hbox (0.27151pt too wide) in paragraph at lines 12--13
\T1/pplj/m/n/10 (+18) have to render the extra Network editor. Everything that 
is involved with creating the final product is still 
 []


Overfull \hbox (0.21973pt too wide) in paragraph at lines 12--13
\T1/pplj/m/n/10 (+9) rendered and active in Perform window, including elements 
such as external data inputs and outputs. The 
 []

<./img/10.1/perform.png, id=831, 812.28468pt x 54.9553pt>
File: ./img/10.1/perform.png Graphic file (type png)

<use ./img/10.1/perform.png>
Package pdftex.def Info: ./img/10.1/perform.png used on input line 19.
(pdftex.def)             Requested size: 479.99988pt x 32.47449pt.

<./img/10.2/performing-network-1.png, id=832, 770.88pt x 442.65375pt>
File: ./img/10.2/performing-network-1.png Graphic file (type png)

<use ./img/10.2/performing-network-1.png>
Package pdftex.def Info: ./img/10.2/performing-network-1.png used on input line
 33.
(pdftex.def)             Requested size: 341.42316pt x 196.05156pt.

<./img/10.2/performing-network-2.png, id=833, 763.35187pt x 445.665pt> [61

 <./img/10.1/perform.png>]
File: ./img/10.2/performing-network-2.png Graphic file (type png)
 <use ./img/10.2/performing-network-2.png>
Package pdftex.def Info: ./img/10.2/performing-network-2.png used on input line
 35.
(pdftex.def)             Requested size: 341.43185pt x 199.33694pt.
 [62 <./img/10.2/performing-network-1.png> <./img/10.2/performing-network-2.png
>]
<./img/10.3/raster-1.png, id=846, 999.735pt x 541.27219pt>
File: ./img/10.3/raster-1.png Graphic file (type png)

<use ./img/10.3/raster-1.png>
Package pdftex.def Info: ./img/10.3/raster-1.png used on input line 57.
(pdftex.def)             Requested size: 480.00464pt x 259.88202pt.

<./img/10.3/raster-2.png, id=847, 900.966pt x 261.8583pt>
File: ./img/10.3/raster-2.png Graphic file (type png)

<use ./img/10.3/raster-2.png>
Package pdftex.def Info: ./img/10.3/raster-2.png used on input line 63.
(pdftex.def)             Requested size: 480.01178pt x 139.51143pt.

<./img/10.3/raster-3.png, id=848, 553.5882pt x 411.2163pt>
File: ./img/10.3/raster-3.png Graphic file (type png)

<use ./img/10.3/raster-3.png>
Package pdftex.def Info: ./img/10.3/raster-3.png used on input line 69.
(pdftex.def)             Requested size: 480.0129pt x 356.5631pt.
 [63 <./img/10.3/raster-1.png> <./img/10.3/raster-2.png (PNG copy)>]
Overfull \hbox (0.18956pt too wide) in paragraph at lines 72--73
[]\T1/pplj/m/n/10 (+9) In the above diagram, all of the outputs are placed into
 a single raster. This setup can efficiently use one 
 []


Overfull \hbox (0.14313pt too wide) in paragraph at lines 74--75
\T1/pplj/m/n/10 (+16) wall projector and is 1400x1050 pixels. All of the canvas
 building happens inside of the 'canvas' Container 
 []

[64 <./img/10.3/raster-3.png (PNG copy)>]
Overfull \hbox (0.24117pt too wide) in paragraph at lines 98--99
\T1/pplj/m/n/10 (+19) display hardware be exactly the same. Any difference in t
he signal flow, can cause what is called 'tearing'. 
 []

<./img/10.4/tearing.jpg, id=858, 640.3925pt x 481.8pt>
File: ./img/10.4/tearing.jpg Graphic file (type jpg)

<use ./img/10.4/tearing.jpg>
Package pdftex.def Info: ./img/10.4/tearing.jpg used on input line 105.
(pdftex.def)             Requested size: 480.00981pt x 361.13591pt.

Underfull \vbox (badness 10000) has occurred while \output is active []

 [65]
Overfull \hbox (0.17253pt too wide) in paragraph at lines 111--112
\T1/pplj/m/n/10 (+13) frame. On slow moving content, this can sometimes be hard
 to notice, but once there is any sort of motion 
 []


Overfull \hbox (0.20978pt too wide) in paragraph at lines 113--114
\T1/pplj/m/n/10 (+20) it. The first is to use a professional graphics card, suc
h as something from the nVidia Quadro series. Most 
 []


Overfull \hbox (0.11484pt too wide) in paragraph at lines 117--118
\T1/pplj/m/n/10 (+3) hand, some-times even se-tups with iden-ti-cal dis-plays c
an tear. Enough em-pha-sis can-not be put on pre-ven-ta- 
 []

[66 <./img/10.4/tearing.jpg>]) (./tex/Optimization.tex [67] [68

]
Chapter 11.

Overfull \hbox (0.21722pt too wide) in paragraph at lines 12--13
\T1/pplj/m/n/10 (+3) try to salvage every half millisecond possible, knowing th
at every millisecond makes a difference. These all 
 []

[69

]
Overfull \hbox (0.10559pt too wide) in paragraph at lines 32--33
[]\T1/pplj/m/n/10 (+2) The GPU is a pipeline in and of itself, and pixel shadin
g is the stage that is likely to become a bottleneck. 
 []


Overfull \hbox (0.10162pt too wide) in paragraph at lines 32--33
\T1/pplj/m/n/10 (+14) workload is proportionally reduced. A quick way to check 
if there is a pixel shading bottleneck is to lower 
 []


Overfull \hbox (0.10732pt too wide) in paragraph at lines 34--35
\T1/pplj/m/n/10 (+12) TouchDesigner UI elements. If all of a sudden, the variou
s UI elements are taking more than a millisecond 
 []


Overfull \hbox (0.10167pt too wide) in paragraph at lines 36--37
[]\T1/pplj/m/n/10 (+3) The CPU is second area where bottlenecks are experienced
. Most Operators require the CPU to function, 
 []


Overfull \hbox (0.17422pt too wide) in paragraph at lines 40--41
[]\T1/pplj/m/n/10 (+2) An overloaded CPU reacts similarly to an overloaded GPU,
 in that inconsistent results will appear in the 
 []

[70] <./img/11.3/performance-monitor-1.png, id=886, 160.1985pt x 155.1396pt>
File: ./img/11.3/performance-monitor-1.png Graphic file (type png)

<use ./img/11.3/performance-monitor-1.png>
Package pdftex.def Info: ./img/11.3/performance-monitor-1.png used on input lin
e 70.
(pdftex.def)             Requested size: 327.22594pt x 316.89246pt.
 [71 <./img/11.3/performance-monitor-1.png>]
<./img/11.3/performance-monitor-2.png, id=900, 652.3572pt x 592.1322pt>
File: ./img/11.3/performance-monitor-2.png Graphic file (type png)

<use ./img/11.3/performance-monitor-2.png>
Package pdftex.def Info: ./img/11.3/performance-monitor-2.png used on input lin
e 87.
(pdftex.def)             Requested size: 398.34543pt x 361.57056pt.

Overfull \hbox (0.1911pt too wide) in paragraph at lines 94--95
[]\T1/pplj/m/n/10 (+18) In this example, the paths and cook times of the series
 of Over TOPs can be traced. They are all located 
 []

[72 <./img/11.3/performance-monitor-2.png>]
Overfull \hbox (0.17403pt too wide) in paragraph at lines 109--110
\T1/pplj/m/n/10 (+7) static. Operators only cook when they need to perform an o
peration or change. A still picture is static, and 
 []

<./img/11.4/operator-cooking-1.png, id=906, 480.8364pt x 321.1197pt>
File: ./img/11.4/operator-cooking-1.png Graphic file (type png)

<use ./img/11.4/operator-cooking-1.png>
Package pdftex.def Info: ./img/11.4/operator-cooking-1.png used on input line 1
14.
(pdftex.def)             Requested size: 341.44759pt x 228.03087pt.

Overfull \hbox (0.20209pt too wide) in paragraph at lines 117--118
\T1/pplj/m/n/10 (+18) mil-lisec-onds. As men-tioned, static op-er-a-tions only 
need to cook once, and some-thing to note is that many 
 []

[73 <./img/11.4/operator-cooking-1.png (PNG copy)>]
<./img/11.4/operator-cooking-2.png, id=912, 480.8364pt x 321.1197pt>
File: ./img/11.4/operator-cooking-2.png Graphic file (type png)

<use ./img/11.4/operator-cooking-2.png>
Package pdftex.def Info: ./img/11.4/operator-cooking-2.png used on input line 1
22.
(pdftex.def)             Requested size: 341.44759pt x 228.03087pt.
 [74 <./img/11.4/operator-cooking-2.png (PNG copy)>] <./img/11.6/memory-frag-1.
png, id=917, 363.2772pt x 112.5003pt>
File: ./img/11.6/memory-frag-1.png Graphic file (type png)

<use ./img/11.6/memory-frag-1.png>
Package pdftex.def Info: ./img/11.6/memory-frag-1.png used on input line 164.
(pdftex.def)             Requested size: 480.03183pt x 148.65704pt.

Underfull \vbox (badness 4621) has occurred while \output is active []

 [75]
Overfull \hbox (0.21489pt too wide) in paragraph at lines 167--168
\T1/pplj/m/n/10 (+11) called static textures because once they've allocated to 
memory, they aren't changed. This is the equivalent 
 []


Overfull \hbox (0.10004pt too wide) in paragraph at lines 169--170
\T1/pplj/m/n/10 (+10) sources are con-stantly in flux, and there would never be
 3GB of free RAM on a graph-ics card that only has 
 []

<./img/11.6/memory-frag-2.png, id=922, 363.2772pt x 112.5003pt>
File: ./img/11.6/memory-frag-2.png Graphic file (type png)

<use ./img/11.6/memory-frag-2.png>
Package pdftex.def Info: ./img/11.6/memory-frag-2.png used on input line 184.
(pdftex.def)             Requested size: 480.03183pt x 148.65704pt.
 [76 <./img/11.6/memory-frag-1.png (PNG copy)> <./img/11.6/memory-frag-2.png (P
NG copy)>]
<./img/11.6/memory-frag-3.png, id=932, 363.2772pt x 112.5003pt>
File: ./img/11.6/memory-frag-3.png Graphic file (type png)

<use ./img/11.6/memory-frag-3.png>
Package pdftex.def Info: ./img/11.6/memory-frag-3.png used on input line 190.
(pdftex.def)             Requested size: 480.03183pt x 148.65704pt.
) (./tex/GLSL.tex [77 <./img/11.6/memory-frag-3.png (PNG copy)>] [78

]
Chapter 12.
<./img/12.2/pipeline.png, id=941, 1033.9428pt x 168.63pt>
File: ./img/12.2/pipeline.png Graphic file (type png)

<use ./img/12.2/pipeline.png>
Package pdftex.def Info: ./img/12.2/pipeline.png used on input line 26.
(pdftex.def)             Requested size: 479.9896pt x 78.28348pt.
 [79

 <./img/12.2/pipeline.png>]
Overfull \hbox (0.22417pt too wide) in paragraph at lines 52--53
[]\T1/pplj/m/n/10 (+11) The second sign of a compile error is a yellow triangle
 warning flag on the Operator. Upon clicking and 
 []

[80] [81]
Overfull \hbox (0.21748pt too wide) in paragraph at lines 154--155
\T1/pplj/m/n/10 (+18) ity. For starters, let's re-size the box. This is as sim-
ple as mul-ti-ply-ing each of the ver-tex po-si-tions, or 'P', by 
 []


Overfull \hbox (0.20926pt too wide) in paragraph at lines 185--186
[]\T1/pplj/m/n/10 (+6) Similarly, to transform the box instead of scaling it, v
alues need to be added or subtracted to the various 
 []

[82]
Overfull \hbox (0.16106pt too wide) in paragraph at lines 226--227
\T1/pplj/m/n/10 (+3) parameter in the GLSL MAT. In the GLSL MAT, we named the u
niform 'lfoCHOP', so to access it, the same 
 []

[83]
Overfull \hbox (0.14249pt too wide) in paragraph at lines 234--235
[]\T1/pplj/m/n/10 (+2) With those small changes, a CHOP is controlling the x-ax
is position of the shader. Pixel shaders function 
 []


Overfull \hbox (0.17029pt too wide) in paragraph at lines 234--235
\T1/pplj/m/n/10 (+5) in much of the same way as Vertex shaders. Let's assign th
e LFO CHOP in the previous example to control 
 []


Overfull \hbox (0.21246pt too wide) in paragraph at lines 251--252
[]\T1/pplj/m/n/10 (+19) Similarly to the x-axis transform example, the only ste
ps needed were to declare the incoming uniform, 
 []


Overfull \hbox (0.17259pt too wide) in paragraph at lines 251--252
\T1/pplj/m/n/10 (+10) and then to assign it to a parameter, in this case the fi
rst component of the vector. To take this another step 
 []

[84]
Overfull \hbox (0.11923pt too wide) in paragraph at lines 309--310
\T1/pplj/m/n/10 (+6) shader. In this example, a Movie In TOP and a Constant TOP
 are input into the GLSL TOP. The GLSL code 
 []


Overfull \hbox (0.11885pt too wide) in paragraph at lines 321--322
\T1/pplj/m/n/10 (+19) There is still a main() loop, the declarations happen fir
st before the main() loop, and there are semi-colons 
 []


Overfull \hbox (0.10507pt too wide) in paragraph at lines 323--324
[]\T1/pplj/m/n/10 (+19) The first difference to notice is how inputs are handle
d. In this example there are two inputs, and there 
 []

[85]
Overfull \hbox (0.10747pt too wide) in paragraph at lines 332--333
\T1/pplj/m/n/10 (+2) used. This array is accessed by index. In this case, there
 are two TOP inputs, so 'sTD2DInputs[0]' is used to 
 []

[86]
Overfull \hbox (0.10257pt too wide) in paragraph at lines 378--379
[]\T1/pplj/m/n/10 (+1) In the above example, three of the textures are being tr
ansformed. The first is being scaled up by a factor 
 []


Overfull \hbox (0.16412pt too wide) in paragraph at lines 384--385
\T1/pplj/m/n/10 (+5) tex-ture co-ordinates and not the po-si-tion of the im-age
. Thus when the tex-ture co-ordinates move 0.5 on the 
 []

[87]) (./tex/Projects.tex [88]
Chapter 13.
) (./tex/Credits.tex [89


] [90

]
Chapter 14.
)
Package atveryend Info: Empty hook `BeforeClearDocument' on input line 231.
 [91

]
Package atveryend Info: Empty hook `AfterLastShipout' on input line 231.
 (./Introduction_to_TouchDesigner.aux)
Package atveryend Info: Executing hook `AtVeryEndDocument' on input line 231.
Package atveryend Info: Executing hook `AtEndAfterFileList' on input line 231.
Package rerunfilecheck Info: File `Introduction_to_TouchDesigner.out' has not c
hanged.
(rerunfilecheck)             Checksum: 7EE3DC76BB26A23FE1548F83EFC4467C;10219.


LaTeX Font Warning: Some font shapes were not available, defaults substituted.

Package atveryend Info: Empty hook `AtVeryVeryEnd' on input line 231.
 ) 
Here is how much of TeX's memory you used:
 16258 strings out of 493117
 239189 string characters out of 6135433
 402751 words of memory out of 5000000
 18731 multiletter control sequences out of 15000+600000
 76250 words of font info for 212 fonts, out of 8000000 for 9000
 1141 hyphenation exceptions out of 8191
 40i,13n,72p,1135b,1817s stack positions out of 5000i,500n,10000p,200000b,80000s
{/usr/local/texlive/2014/texmf-dist/fonts/enc/dvips/base/8r.enc}</usr/local/t
exlive/2014/texmf-dist/fonts/type1/public/fpl/fplbj8a.pfb></usr/local/texlive/2
014/texmf-dist/fonts/type1/public/fpl/fplrc8a.pfb></usr/local/texlive/2014/texm
f-dist/fonts/type1/public/fpl/fplrij8a.pfb></usr/local/texlive/2014/texmf-dist/
fonts/type1/public/bera/fvmr8a.pfb></usr/local/texlive/2014/texmf-dist/fonts/ty
pe1/urw/helvetic/uhvr8a.pfb></usr/local/texlive/2014/texmf-dist/fonts/type1/urw
/palatino/uplb8a.pfb></usr/local/texlive/2014/texmf-dist/fonts/type1/urw/palati
no/uplr8a.pfb></usr/local/texlive/2014/texmf-dist/fonts/type1/urw/palatino/uplr
i8a.pfb>
Output written on Introduction_to_TouchDesigner.pdf (91 pages, 3923753 bytes).
PDF statistics:
 1255 PDF objects out of 1440 (max. 8388607)
 1092 compressed objects within 11 object streams
 449 named destinations out of 1000 (max. 500000)
 52014 words of extra memory for PDF output out of 61914 (max. 10000000)

