\BOOKMARK [0][-]{chapter*.2}{\376\377\000I\000n\000t\000r\000o\000d\000u\000c\000t\000i\000o\000n}{}% 1
\BOOKMARK [1][-]{section.0.1}{\376\377\000F\000o\000r\000e\000w\000o\000r\000d}{chapter*.2}% 2
\BOOKMARK [1][-]{section.0.2}{\376\377\000F\000o\000r\000e\000w\000o\000r\000d\000\040\000b\000y\000\040\000A\000u\000t\000h\000o\000r}{chapter*.2}% 3
\BOOKMARK [1][-]{section.0.3}{\376\377\000W\000h\000a\000t\000\040\000i\000s\000\040\000T\000o\000u\000c\000h\000D\000e\000s\000i\000g\000n\000e\000r\000?}{chapter*.2}% 4
\BOOKMARK [0][-]{chapter.1}{\376\377\000B\000a\000s\000i\000c\000s}{}% 5
\BOOKMARK [1][-]{section.1.1}{\376\377\000S\000i\000g\000n\000a\000l\000\040\000F\000l\000o\000w\000\040\000a\000n\000d\000\040\000W\000i\000r\000i\000n\000g}{chapter.1}% 6
\BOOKMARK [1][-]{section.1.2}{\376\377\000C\000r\000e\000a\000t\000i\000n\000g\000\040\000O\000p\000e\000r\000a\000t\000o\000r\000s}{chapter.1}% 7
\BOOKMARK [1][-]{section.1.3}{\376\377\000M\000o\000u\000s\000e\000\040\000a\000n\000d\000\040\000K\000e\000y\000b\000o\000a\000r\000d\000\040\000N\000a\000v\000i\000g\000a\000t\000i\000o\000n}{chapter.1}% 8
\BOOKMARK [1][-]{section.1.4}{\376\377\000N\000e\000t\000w\000o\000r\000k\000s\000\040\000a\000n\000d\000\040\000P\000a\000t\000h\000s}{chapter.1}% 9
\BOOKMARK [1][-]{section.1.5}{\376\377\000U\000s\000i\000n\000g\000\040\000a\000n\000\040\000E\000x\000t\000e\000r\000n\000a\000l\000\040\000T\000e\000x\000t\000\040\000E\000d\000i\000t\000o\000r}{chapter.1}% 10
\BOOKMARK [1][-]{section.1.6}{\376\377\000H\000e\000l\000p}{chapter.1}% 11
\BOOKMARK [0][-]{chapter.2}{\376\377\000U\000s\000e\000r\000\040\000I\000n\000t\000e\000r\000f\000a\000c\000e}{}% 12
\BOOKMARK [1][-]{section.2.1}{\376\377\000P\000a\000r\000a\000m\000e\000t\000e\000r\000\040\000W\000i\000n\000d\000o\000w}{chapter.2}% 13
\BOOKMARK [1][-]{section.2.2}{\376\377\000P\000a\000r\000a\000m\000e\000t\000e\000r\000s}{chapter.2}% 14
\BOOKMARK [1][-]{section.2.3}{\376\377\000T\000r\000a\000n\000s\000p\000o\000r\000t\000\040\000C\000o\000n\000t\000r\000o\000l\000s}{chapter.2}% 15
\BOOKMARK [1][-]{section.2.4}{\376\377\000T\000i\000m\000e\000l\000i\000n\000e\000\040\000S\000e\000t\000t\000i\000n\000g\000s}{chapter.2}% 16
\BOOKMARK [1][-]{section.2.5}{\376\377\000P\000a\000n\000e\000s}{chapter.2}% 17
\BOOKMARK [1][-]{section.2.6}{\376\377\000P\000a\000l\000e\000t\000t\000e\000\040\000B\000r\000o\000w\000s\000e\000r}{chapter.2}% 18
\BOOKMARK [1][-]{section.2.7}{\376\377\000S\000e\000a\000r\000c\000h\000\040\000D\000i\000a\000l\000o\000g}{chapter.2}% 19
\BOOKMARK [1][-]{section.2.8}{\376\377\000R\000e\000a\000l\000t\000i\000m\000e\000\040\000F\000l\000a\000g}{chapter.2}% 20
\BOOKMARK [1][-]{section.2.9}{\376\377\000U\000s\000e\000f\000u\000l\000\040\000S\000h\000o\000r\000t\000c\000u\000t\000s}{chapter.2}% 21
\BOOKMARK [0][-]{chapter.3}{\376\377\000T\000O\000P\000s}{}% 22
\BOOKMARK [1][-]{section.3.1}{\376\377\000I\000n\000t\000r\000o\000d\000u\000c\000t\000i\000o\000n}{chapter.3}% 23
\BOOKMARK [1][-]{section.3.2}{\376\377\000M\000o\000v\000i\000e\000\040\000I\000n\000\040\000T\000O\000P}{chapter.3}% 24
\BOOKMARK [1][-]{section.3.3}{\376\377\000P\000r\000e\000l\000o\000a\000d\000i\000n\000g\000\040\000M\000o\000v\000i\000e\000s}{chapter.3}% 25
\BOOKMARK [1][-]{section.3.4}{\376\377\000N\000u\000l\000l\000\040\000T\000O\000P\000s\000\040\000a\000n\000d\000\040\000S\000e\000l\000e\000c\000t\000\040\000T\000O\000P\000s}{chapter.3}% 26
\BOOKMARK [1][-]{section.3.5}{\376\377\000C\000o\000d\000e\000c\000s}{chapter.3}% 27
\BOOKMARK [0][-]{chapter.4}{\376\377\000C\000H\000O\000P\000s}{}% 28
\BOOKMARK [1][-]{section.4.1}{\376\377\000I\000n\000t\000r\000o\000d\000u\000c\000t\000i\000o\000n}{chapter.4}% 29
\BOOKMARK [1][-]{section.4.2}{\376\377\000C\000o\000m\000m\000u\000n\000i\000c\000a\000t\000i\000o\000n\000\040\000M\000e\000t\000h\000o\000d\000s}{chapter.4}% 30
\BOOKMARK [1][-]{section.4.3}{\376\377\000A\000u\000d\000i\000o\000\040\000I\000n\000p\000u\000t\000s\000\040\000a\000n\000d\000\040\000O\000u\000t\000p\000u\000t\000s}{chapter.4}% 31
\BOOKMARK [1][-]{section.4.4}{\376\377\000S\000a\000m\000p\000l\000e\000\040\000R\000a\000t\000e\000s}{chapter.4}% 32
\BOOKMARK [1][-]{section.4.5}{\376\377\000T\000i\000m\000e\000\040\000S\000l\000i\000c\000i\000n\000g}{chapter.4}% 33
\BOOKMARK [0][-]{chapter.5}{\376\377\000D\000A\000T\000s}{}% 34
\BOOKMARK [1][-]{section.5.1}{\376\377\000I\000n\000t\000r\000o\000d\000u\000c\000t\000i\000o\000n}{chapter.5}% 35
\BOOKMARK [1][-]{section.5.2}{\376\377\000C\000o\000m\000m\000u\000n\000i\000c\000a\000t\000i\000o\000n\000\040\000M\000e\000t\000h\000o\000d\000s}{chapter.5}% 36
\BOOKMARK [0][-]{chapter.6}{\376\377\000S\000O\000P\000s}{}% 37
\BOOKMARK [1][-]{section.6.1}{\376\377\000I\000n\000t\000r\000o\000d\000u\000c\000t\000i\000o\000n}{chapter.6}% 38
\BOOKMARK [1][-]{section.6.2}{\376\377\000R\000e\000n\000d\000e\000r\000i\000n\000g}{chapter.6}% 39
\BOOKMARK [0][-]{chapter.7}{\376\377\000C\000O\000M\000P\000s}{}% 40
\BOOKMARK [1][-]{section.7.1}{\376\377\000I\000n\000t\000r\000o\000d\000u\000c\000t\000i\000o\000n}{chapter.7}% 41
\BOOKMARK [1][-]{section.7.2}{\376\377\000W\000i\000n\000d\000o\000w\000\040\000C\000O\000M\000P}{chapter.7}% 42
\BOOKMARK [1][-]{section.7.3}{\376\377\000U\000s\000e\000r\000\040\000I\000n\000t\000e\000r\000f\000a\000c\000e\000\040\000C\000o\000m\000p\000o\000n\000e\000n\000t\000s}{chapter.7}% 43
\BOOKMARK [0][-]{chapter.8}{\376\377\000M\000A\000T\000s}{}% 44
\BOOKMARK [1][-]{section.8.1}{\376\377\000I\000n\000t\000r\000o\000d\000u\000c\000t\000i\000o\000n}{chapter.8}% 45
\BOOKMARK [1][-]{section.8.2}{\376\377\000P\000h\000o\000n\000g\000,\000\040\000G\000L\000S\000L\000,\000\040\000a\000n\000d\000\040\000P\000o\000i\000n\000t\000\040\000S\000p\000r\000i\000t\000e\000\040\000M\000a\000t\000e\000r\000i\000a\000l\000s}{chapter.8}% 46
\BOOKMARK [1][-]{section.8.3}{\376\377\000U\000V\000\040\000M\000a\000p\000s}{chapter.8}% 47
\BOOKMARK [0][-]{chapter.9}{\376\377\000P\000y\000t\000h\000o\000n}{}% 48
\BOOKMARK [1][-]{section.9.1}{\376\377\000I\000n\000t\000r\000o\000d\000u\000c\000t\000i\000o\000n}{chapter.9}% 49
\BOOKMARK [1][-]{section.9.2}{\376\377\000T\000e\000x\000t\000p\000o\000r\000t}{chapter.9}% 50
\BOOKMARK [1][-]{section.9.3}{\376\377\000C\000o\000m\000m\000o\000n\000\040\000P\000r\000a\000c\000t\000i\000c\000e\000s}{chapter.9}% 51
\BOOKMARK [1][-]{section.9.4}{\376\377\000C\000o\000m\000m\000e\000n\000t\000i\000n\000g\000\040\000C\000o\000d\000e}{chapter.9}% 52
\BOOKMARK [1][-]{section.9.5}{\376\377\000C\000o\000m\000p\000a\000r\000t\000m\000e\000n\000t\000a\000l\000i\000z\000i\000n\000g\000\040\000C\000o\000d\000e}{chapter.9}% 53
\BOOKMARK [1][-]{section.9.6}{\376\377\000W\000h\000e\000r\000e\000\040\000t\000o\000\040\000L\000e\000a\000r\000n\000\040\000P\000y\000t\000h\000o\000n}{chapter.9}% 54
\BOOKMARK [0][-]{chapter.10}{\376\377\000O\000u\000t\000p\000u\000t\000t\000i\000n\000g\000\040\000C\000o\000n\000t\000e\000n\000t\000\040\000f\000o\000r\000\040\000D\000e\000p\000l\000o\000y\000m\000e\000n\000t\000\040\000a\000n\000d\000\040\000P\000e\000r\000f\000o\000r\000m\000a\000n\000c\000e}{}% 55
\BOOKMARK [1][-]{section.10.1}{\376\377\000P\000e\000r\000f\000o\000r\000m\000\040\000M\000o\000d\000e}{chapter.10}% 56
\BOOKMARK [1][-]{section.10.2}{\376\377\000P\000e\000r\000f\000o\000r\000m\000i\000n\000g\000\040\000w\000i\000t\000h\000\040\000t\000h\000e\000\040\000N\000e\000t\000w\000o\000r\000k\000\040\000E\000d\000i\000t\000o\000r}{chapter.10}% 57
\BOOKMARK [1][-]{section.10.3}{\376\377\000C\000r\000e\000a\000t\000i\000n\000g\000\040\000a\000n\000\040\000O\000u\000t\000p\000u\000t\000\040\000R\000a\000s\000t\000e\000r}{chapter.10}% 58
\BOOKMARK [1][-]{section.10.4}{\376\377\000D\000i\000s\000p\000l\000a\000y\000s\000,\000\040\000T\000e\000a\000r\000i\000n\000g\000,\000\040\000a\000n\000d\000\040\000S\000t\000u\000t\000t\000e\000r\000i\000n\000g}{chapter.10}% 59
\BOOKMARK [0][-]{chapter.11}{\376\377\000O\000p\000t\000i\000m\000i\000z\000a\000t\000i\000o\000n}{}% 60
\BOOKMARK [1][-]{section.11.1}{\376\377\000I\000n\000t\000r\000o\000d\000u\000c\000t\000i\000o\000n}{chapter.11}% 61
\BOOKMARK [1][-]{section.11.2}{\376\377\000F\000i\000n\000d\000i\000n\000g\000\040\000t\000h\000e\000\040\000B\000o\000t\000t\000l\000e\000n\000e\000c\000k}{chapter.11}% 62
\BOOKMARK [1][-]{section.11.3}{\376\377\000U\000s\000i\000n\000g\000\040\000t\000h\000e\000\040\000P\000e\000r\000f\000o\000r\000m\000a\000n\000c\000e\000\040\000M\000o\000n\000i\000t\000o\000r}{chapter.11}% 63
\BOOKMARK [1][-]{section.11.4}{\376\377\000O\000p\000e\000r\000a\000t\000o\000r\000\040\000C\000o\000o\000k\000i\000n\000g}{chapter.11}% 64
\BOOKMARK [1][-]{section.11.5}{\376\377\000R\000e\000s\000o\000l\000u\000t\000i\000o\000n}{chapter.11}% 65
\BOOKMARK [1][-]{section.11.6}{\376\377\000G\000P\000U\000\040\000M\000e\000m\000o\000r\000y\000\040\000F\000r\000a\000g\000m\000e\000n\000t\000a\000t\000i\000o\000n}{chapter.11}% 66
\BOOKMARK [1][-]{section.11.7}{\376\377\000W\000i\000n\000d\000o\000w\000s\000\040\000S\000y\000s\000t\000e\000m\000\040\000P\000r\000o\000c\000e\000s\000s\000e\000s}{chapter.11}% 67
\BOOKMARK [0][-]{chapter.12}{\376\377\000G\000L\000S\000L}{}% 68
\BOOKMARK [1][-]{section.12.1}{\376\377\000I\000n\000t\000r\000o\000d\000u\000c\000t\000i\000o\000n}{chapter.12}% 69
\BOOKMARK [1][-]{section.12.2}{\376\377\000T\000y\000p\000e\000s\000\040\000o\000f\000\040\000S\000h\000a\000d\000e\000r\000s\000\040\000a\000n\000d\000\040\000R\000e\000n\000d\000e\000r\000i\000n\000g\000\040\000P\000i\000p\000e\000l\000i\000n\000e}{chapter.12}% 70
\BOOKMARK [1][-]{section.12.3}{\376\377\000D\000e\000b\000u\000g\000g\000i\000n\000g}{chapter.12}% 71
\BOOKMARK [1][-]{section.12.4}{\376\377\000S\000h\000a\000d\000e\000r\000s\000\040\000i\000n\000\040\0003\000D}{chapter.12}% 72
\BOOKMARK [1][-]{section.12.5}{\376\377\000S\000h\000a\000d\000e\000r\000s\000\040\000i\000n\000\040\0002\000D}{chapter.12}% 73
\BOOKMARK [1][-]{section.12.6}{\376\377\000W\000h\000a\000t\000\040\000N\000e\000x\000t\000?}{chapter.12}% 74
\BOOKMARK [0][-]{chapter.13}{\376\377\000P\000r\000o\000j\000e\000c\000t\000s}{}% 75
\BOOKMARK [0][-]{chapter.14}{\376\377\000C\000r\000e\000d\000i\000t\000s}{}% 76
